c:\users\a.roennburg\documents\gh_gitmanaged\serversuites\simpliocpserver\release\siocpserver_x86_release.pch
c:\users\a.roennburg\documents\gh_gitmanaged\serversuites\simpliocpserver\release\simpliocpserver.pdb
c:\users\a.roennburg\documents\gh_gitmanaged\serversuites\simpliocpserver\release\pch.obj
c:\users\a.roennburg\documents\gh_gitmanaged\serversuites\simpliocpserver\release\utilities.obj
c:\users\a.roennburg\documents\gh_gitmanaged\serversuites\simpliocpserver\release\simpliocpserver.obj
c:\users\a.roennburg\documents\gh_gitmanaged\serversuites\simpliocpserver\release\network.obj
c:\users\a.roennburg\documents\gh_gitmanaged\serversuites\simpliocpserver\release\logger.obj
c:\users\a.roennburg\documents\gh_gitmanaged\serversuites\simpliocpserver\release\iocpnetwork.obj
c:\users\a.roennburg\documents\gh_gitmanaged\serversuites\simpliocpserver\release\bufferpool.obj
c:\users\a.roennburg\documents\gh_gitmanaged\serversuites\simpliocpserver\release\agentdestructor.obj
c:\users\a.roennburg\documents\gh_gitmanaged\serversuites\simpliocpserver\lib\siocpserver_x86_release.lib
c:\users\a.roennburg\documents\gh_gitmanaged\serversuites\release\simpliocpserver.exe
c:\users\a.roennburg\documents\gh_gitmanaged\serversuites\release\simpliocpserver.pdb
c:\users\a.roennburg\documents\gh_gitmanaged\serversuites\release\simpliocpserver.ipdb
c:\users\a.roennburg\documents\gh_gitmanaged\serversuites\release\simpliocpserver.iobj
c:\github\gh_gitmanaged\serversuites\simpliocpserver\release\agentdestructor.obj
c:\github\gh_gitmanaged\serversuites\simpliocpserver\release\bufferpool.obj
c:\github\gh_gitmanaged\serversuites\simpliocpserver\release\iocpnetwork.obj
c:\github\gh_gitmanaged\serversuites\simpliocpserver\release\logger.obj
c:\github\gh_gitmanaged\serversuites\simpliocpserver\release\network.obj
c:\github\gh_gitmanaged\serversuites\simpliocpserver\release\pch.obj
c:\github\gh_gitmanaged\serversuites\simpliocpserver\release\simpliocpserver.obj
c:\github\gh_gitmanaged\serversuites\simpliocpserver\release\utilities.obj
c:\github\gh_gitmanaged\serversuites\simpliocpserver\release\simpliocpserver.pch
c:\github\gh_gitmanaged\serversuites\simpliocpserver\release\siocpserver_x64_release.pch
c:\github\gh_gitmanaged\serversuites\simpliocpserver\release\siocpserver_x86_release.pch
c:\github\gh_gitmanaged\serversuites\simpliocpserver\release\simpliocpserver.pdb
c:\github\gh_gitmanaged\serversuites\simpliocpserver\release\vc141.pdb
c:\github\gh_gitmanaged\serversuites\release\simpliocpserver.pdb
c:\github\gh_gitmanaged\serversuites\release\simpliocpserver.exe
c:\github\gh_gitmanaged\serversuites\simpliocpserver\release\simpliocpserver.tlog\cl.command.1.tlog
c:\github\gh_gitmanaged\serversuites\simpliocpserver\release\simpliocpserver.tlog\cl.read.1.tlog
c:\github\gh_gitmanaged\serversuites\simpliocpserver\release\simpliocpserver.tlog\cl.write.1.tlog
c:\github\gh_gitmanaged\serversuites\simpliocpserver\release\simpliocpserver.tlog\lib-link.read.1.tlog
c:\github\gh_gitmanaged\serversuites\simpliocpserver\release\simpliocpserver.tlog\lib-link.write.1.tlog
c:\github\gh_gitmanaged\serversuites\simpliocpserver\release\simpliocpserver.tlog\lib.command.1.tlog
c:\github\gh_gitmanaged\serversuites\simpliocpserver\release\simpliocpserver.tlog\link.command.1.tlog
c:\github\gh_gitmanaged\serversuites\simpliocpserver\release\simpliocpserver.tlog\link.read.1.tlog
c:\github\gh_gitmanaged\serversuites\simpliocpserver\release\simpliocpserver.tlog\link.write.1.tlog
c:\github\gh_gitmanaged\serversuites\simpliocpserver\release\simpliocpserver.tlog\simpliocpserver.write.1u.tlog
