c:\users\a.roennburg\documents\gh_gitmanaged\serversuites\simpliocpserver\debug\simpliocpserver.pch
c:\users\a.roennburg\documents\gh_gitmanaged\serversuites\simpliocpserver\debug\vc141.pdb
c:\users\a.roennburg\documents\gh_gitmanaged\serversuites\simpliocpserver\debug\vc141.idb
c:\users\a.roennburg\documents\gh_gitmanaged\serversuites\simpliocpserver\debug\pch.obj
c:\users\a.roennburg\documents\gh_gitmanaged\serversuites\simpliocpserver\debug\utilities.obj
c:\users\a.roennburg\documents\gh_gitmanaged\serversuites\simpliocpserver\debug\simpliocpserver.obj
c:\users\a.roennburg\documents\gh_gitmanaged\serversuites\simpliocpserver\debug\network.obj
c:\users\a.roennburg\documents\gh_gitmanaged\serversuites\simpliocpserver\debug\logger.obj
c:\users\a.roennburg\documents\gh_gitmanaged\serversuites\simpliocpserver\debug\iocpnetwork.obj
c:\users\a.roennburg\documents\gh_gitmanaged\serversuites\simpliocpserver\debug\bufferpool.obj
c:\users\a.roennburg\documents\gh_gitmanaged\serversuites\simpliocpserver\debug\agentdestructor.obj
c:\users\a.roennburg\documents\gh_gitmanaged\serversuites\debug\simpliocpserver.exe
c:\users\a.roennburg\documents\gh_gitmanaged\serversuites\debug\simpliocpserver.ilk
c:\users\a.roennburg\documents\gh_gitmanaged\serversuites\debug\simpliocpserver.pdb
c:\users\a.roennburg\documents\gh_gitmanaged\serversuites\simpliocpserver\debug\test_x86_debug.pch
c:\users\a.roennburg\documents\gh_gitmanaged\serversuites\simpliocpserver\debug\test.idb
c:\users\a.roennburg\documents\gh_gitmanaged\serversuites\simpliocpserver\debug\test.pdb
c:\users\a.roennburg\documents\gh_gitmanaged\serversuites\simpliocpserver\debug\simpliocpserver.tlog\cl.command.1.tlog
c:\users\a.roennburg\documents\gh_gitmanaged\serversuites\simpliocpserver\debug\simpliocpserver.tlog\cl.read.1.tlog
c:\users\a.roennburg\documents\gh_gitmanaged\serversuites\simpliocpserver\debug\simpliocpserver.tlog\cl.write.1.tlog
c:\users\a.roennburg\documents\gh_gitmanaged\serversuites\simpliocpserver\debug\simpliocpserver.tlog\link.command.1.tlog
c:\users\a.roennburg\documents\gh_gitmanaged\serversuites\simpliocpserver\debug\simpliocpserver.tlog\link.read.1.tlog
c:\users\a.roennburg\documents\gh_gitmanaged\serversuites\simpliocpserver\debug\simpliocpserver.tlog\link.write.1.tlog
