c:\users\a.roennburg\documents\gh_gitmanaged\serversuites\simpliocpserver\x64\debug\simpliocpserver.pch
c:\users\a.roennburg\documents\gh_gitmanaged\serversuites\simpliocpserver\x64\debug\vc141.pdb
c:\users\a.roennburg\documents\gh_gitmanaged\serversuites\simpliocpserver\x64\debug\vc141.idb
c:\users\a.roennburg\documents\gh_gitmanaged\serversuites\simpliocpserver\x64\debug\pch.obj
c:\users\a.roennburg\documents\gh_gitmanaged\serversuites\simpliocpserver\x64\debug\siocpserver_x64_debug.pch
c:\users\a.roennburg\documents\gh_gitmanaged\serversuites\simpliocpserver\x64\debug\simpliocpserver.pdb
c:\users\a.roennburg\documents\gh_gitmanaged\serversuites\simpliocpserver\x64\debug\simpliocpserver.idb
c:\users\a.roennburg\documents\gh_gitmanaged\serversuites\simpliocpserver\x64\debug\utilities.obj
c:\users\a.roennburg\documents\gh_gitmanaged\serversuites\simpliocpserver\x64\debug\socketctx.obj
c:\users\a.roennburg\documents\gh_gitmanaged\serversuites\simpliocpserver\x64\debug\simpliocpserver.obj
c:\users\a.roennburg\documents\gh_gitmanaged\serversuites\simpliocpserver\x64\debug\network.obj
c:\users\a.roennburg\documents\gh_gitmanaged\serversuites\simpliocpserver\x64\debug\logger.obj
c:\users\a.roennburg\documents\gh_gitmanaged\serversuites\simpliocpserver\x64\debug\ioctx.obj
c:\users\a.roennburg\documents\gh_gitmanaged\serversuites\simpliocpserver\x64\debug\iocpnetwork.obj
c:\users\a.roennburg\documents\gh_gitmanaged\serversuites\simpliocpserver\x64\debug\fiocp.obj
c:\users\a.roennburg\documents\gh_gitmanaged\serversuites\simpliocpserver\x64\debug\clientcontext.obj
c:\users\a.roennburg\documents\gh_gitmanaged\serversuites\simpliocpserver\x64\debug\bufferpool.obj
c:\users\a.roennburg\documents\gh_gitmanaged\serversuites\simpliocpserver\x64\debug\agentdestructor.obj
c:\users\a.roennburg\documents\gh_gitmanaged\serversuites\simpliocpserver\lib\siocpserver_x64_debug.lib
c:\users\a.roennburg\documents\gh_gitmanaged\serversuites\x64\debug\simpliocpserver.ilk
c:\users\a.roennburg\documents\gh_gitmanaged\serversuites\x64\debug\simpliocpserver.exe
c:\users\a.roennburg\documents\gh_gitmanaged\serversuites\x64\debug\simpliocpserver.pdb
c:\users\a.roennburg\documents\gh_gitmanaged\serversuites\simpliocpserver\x64\debug\simpliocpserver.tlog\cl.command.1.tlog
c:\users\a.roennburg\documents\gh_gitmanaged\serversuites\simpliocpserver\x64\debug\simpliocpserver.tlog\cl.read.1.tlog
c:\users\a.roennburg\documents\gh_gitmanaged\serversuites\simpliocpserver\x64\debug\simpliocpserver.tlog\cl.write.1.tlog
c:\users\a.roennburg\documents\gh_gitmanaged\serversuites\simpliocpserver\x64\debug\simpliocpserver.tlog\lib-link.read.1.tlog
c:\users\a.roennburg\documents\gh_gitmanaged\serversuites\simpliocpserver\x64\debug\simpliocpserver.tlog\lib-link.write.1.tlog
c:\users\a.roennburg\documents\gh_gitmanaged\serversuites\simpliocpserver\x64\debug\simpliocpserver.tlog\lib.command.1.tlog
c:\users\a.roennburg\documents\gh_gitmanaged\serversuites\simpliocpserver\x64\debug\simpliocpserver.tlog\link.command.1.tlog
c:\users\a.roennburg\documents\gh_gitmanaged\serversuites\simpliocpserver\x64\debug\simpliocpserver.tlog\link.read.1.tlog
c:\users\a.roennburg\documents\gh_gitmanaged\serversuites\simpliocpserver\x64\debug\simpliocpserver.tlog\link.write.1.tlog
